<?xml version="1.0" encoding="UTF-8"?>
<!-- Generated by org.testng.reporters.JUnitReportReporter -->
<testsuite skipped="2" hostname="TBS-QA-NEERAJJOSHI" name="TestScripts.BuyProduct" tests="5" failures="0" timestamp="26 Nov 2020 03:36:49 GMT" time="0.005" errors="0">
  <testcase name="Astub" time="0.003" classname="TestScripts.BuyProduct"/>
  <testcase name="_stub" time="0.001" classname="TestScripts.BuyProduct"/>
  <testcase name="astub" time="0.001" classname="TestScripts.BuyProduct"/>
  <testcase name="login" classname="TestScripts.BuyProduct">
    <skipped/>
  </testcase> <!-- login -->
  <testcase name="placeOrder" classname="TestScripts.BuyProduct">
    <skipped/>
  </testcase> <!-- placeOrder -->
</testsuite> <!-- TestScripts.BuyProduct -->
